[debug] [2022-03-09T14:21:37.294Z] ----------------------------------------------------------------------
[debug] [2022-03-09T14:21:37.296Z] Command:       C:\Program Files\nodejs\node.exe C:\Users\Arnob\AppData\Roaming\npm\node_modules\firebase-tools\lib\bin\firebase.js login
[debug] [2022-03-09T14:21:37.297Z] CLI Version:   10.2.2
[debug] [2022-03-09T14:21:37.297Z] Platform:      win32
[debug] [2022-03-09T14:21:37.297Z] Node Version:  v16.13.2
[debug] [2022-03-09T14:21:37.298Z] Time:          Wed Mar 09 2022 08:21:37 GMT-0600 (Central Standard Time)
[debug] [2022-03-09T14:21:37.299Z] ----------------------------------------------------------------------
[debug] 
[info] i  Firebase optionally collects CLI usage and error reporting information to help improve our products. Data is collected in accordance with Google's privacy policy (https://policies.google.com/privacy) and is not used to identify you.
 
[info] i  To change your data collection preference at any time, run `firebase logout` and log in again. 
[info] 
[info] Visit this URL on this device to log in:
[info] https://accounts.google.com/o/oauth2/auth?client_id=563584335869-fgrhgmd47bqnekij5i8b5pr03ho849e6.apps.googleusercontent.com&scope=email%20openid%20https%3A%2F%2Fwww.googleapis.com%2Fauth%2Fcloudplatformprojects.readonly%20https%3A%2F%2Fwww.googleapis.com%2Fauth%2Ffirebase%20https%3A%2F%2Fwww.googleapis.com%2Fauth%2Fcloud-platform&response_type=code&state=54027846&redirect_uri=http%3A%2F%2Flocalhost%3A9005
[info] 
[info] Waiting for authentication...
[debug] [2022-03-09T14:21:42.823Z] Error: spawn cmd ENOENT
    at Process.ChildProcess._handle.onexit (node:internal/child_process:282:19)
    at onErrorNT (node:internal/child_process:477:16)
    at processTicksAndRejections (node:internal/process/task_queues:83:21)
[error] 
[error] Error: An unexpected error has occurred.
